Analysis & Synthesis report for exp10
Thu Nov 29 18:51:30 2018
Quartus II 64-Bit Version 13.0.1 Build 232 06/12/2013 Service Pack 1 SJ Web Edition


---------------------
; Table of Contents ;
---------------------
  1. Legal Notice
  2. Analysis & Synthesis Summary
  3. Analysis & Synthesis Settings
  4. Parallel Compilation
  5. Analysis & Synthesis Source Files Read
  6. Analysis & Synthesis Resource Usage Summary
  7. Analysis & Synthesis Resource Utilization by Entity
  8. User-Specified and Inferred Latches
  9. General Register Statistics
 10. Inverted Register Statistics
 11. Elapsed Time Per Partition
 12. Analysis & Synthesis Messages



----------------
; Legal Notice ;
----------------
Copyright (C) 1991-2013 Altera Corporation
Your use of Altera Corporation's design tools, logic functions 
and other software and tools, and its AMPP partner logic 
functions, and any output files from any of the foregoing 
(including device programming or simulation files), and any 
associated documentation or information are expressly subject 
to the terms and conditions of the Altera Program License 
Subscription Agreement, Altera MegaCore Function License 
Agreement, or other applicable license agreement, including, 
without limitation, that your use is for the sole purpose of 
programming logic devices manufactured by Altera and sold by 
Altera or its authorized distributors.  Please refer to the 
applicable agreement for further details.



+--------------------------------------------------------------------------------------+
; Analysis & Synthesis Summary                                                         ;
+------------------------------------+-------------------------------------------------+
; Analysis & Synthesis Status        ; Successful - Thu Nov 29 18:51:30 2018           ;
; Quartus II 64-Bit Version          ; 13.0.1 Build 232 06/12/2013 SP 1 SJ Web Edition ;
; Revision Name                      ; exp10                                           ;
; Top-level Entity Name              ; exp10                                           ;
; Family                             ; Cyclone II                                      ;
; Total logic elements               ; 177                                             ;
;     Total combinational functions  ; 177                                             ;
;     Dedicated logic registers      ; 101                                             ;
; Total registers                    ; 101                                             ;
; Total pins                         ; 8                                               ;
; Total virtual pins                 ; 0                                               ;
; Total memory bits                  ; 0                                               ;
; Embedded Multiplier 9-bit elements ; 0                                               ;
; Total PLLs                         ; 0                                               ;
+------------------------------------+-------------------------------------------------+


+----------------------------------------------------------------------------------------------------------------------+
; Analysis & Synthesis Settings                                                                                        ;
+----------------------------------------------------------------------------+--------------------+--------------------+
; Option                                                                     ; Setting            ; Default Value      ;
+----------------------------------------------------------------------------+--------------------+--------------------+
; Device                                                                     ; EP2C35F672C6       ;                    ;
; Top-level entity name                                                      ; exp10              ; exp10              ;
; Family name                                                                ; Cyclone II         ; Cyclone IV GX      ;
; Use smart compilation                                                      ; Off                ; Off                ;
; Enable parallel Assembler and TimeQuest Timing Analyzer during compilation ; On                 ; On                 ;
; Enable compact report table                                                ; Off                ; Off                ;
; Restructure Multiplexers                                                   ; Auto               ; Auto               ;
; Create Debugging Nodes for IP Cores                                        ; Off                ; Off                ;
; Preserve fewer node names                                                  ; On                 ; On                 ;
; Disable OpenCore Plus hardware evaluation                                  ; Off                ; Off                ;
; Verilog Version                                                            ; Verilog_2001       ; Verilog_2001       ;
; VHDL Version                                                               ; VHDL_1993          ; VHDL_1993          ;
; State Machine Processing                                                   ; Auto               ; Auto               ;
; Safe State Machine                                                         ; Off                ; Off                ;
; Extract Verilog State Machines                                             ; On                 ; On                 ;
; Extract VHDL State Machines                                                ; On                 ; On                 ;
; Ignore Verilog initial constructs                                          ; Off                ; Off                ;
; Iteration limit for constant Verilog loops                                 ; 5000               ; 5000               ;
; Iteration limit for non-constant Verilog loops                             ; 250                ; 250                ;
; Add Pass-Through Logic to Inferred RAMs                                    ; On                 ; On                 ;
; Infer RAMs from Raw Logic                                                  ; On                 ; On                 ;
; Parallel Synthesis                                                         ; On                 ; On                 ;
; DSP Block Balancing                                                        ; Auto               ; Auto               ;
; NOT Gate Push-Back                                                         ; On                 ; On                 ;
; Power-Up Don't Care                                                        ; On                 ; On                 ;
; Remove Redundant Logic Cells                                               ; Off                ; Off                ;
; Remove Duplicate Registers                                                 ; On                 ; On                 ;
; Ignore CARRY Buffers                                                       ; Off                ; Off                ;
; Ignore CASCADE Buffers                                                     ; Off                ; Off                ;
; Ignore GLOBAL Buffers                                                      ; Off                ; Off                ;
; Ignore ROW GLOBAL Buffers                                                  ; Off                ; Off                ;
; Ignore LCELL Buffers                                                       ; Off                ; Off                ;
; Ignore SOFT Buffers                                                        ; On                 ; On                 ;
; Limit AHDL Integers to 32 Bits                                             ; Off                ; Off                ;
; Optimization Technique                                                     ; Balanced           ; Balanced           ;
; Carry Chain Length                                                         ; 70                 ; 70                 ;
; Auto Carry Chains                                                          ; On                 ; On                 ;
; Auto Open-Drain Pins                                                       ; On                 ; On                 ;
; Perform WYSIWYG Primitive Resynthesis                                      ; Off                ; Off                ;
; Auto ROM Replacement                                                       ; On                 ; On                 ;
; Auto RAM Replacement                                                       ; On                 ; On                 ;
; Auto Shift Register Replacement                                            ; Auto               ; Auto               ;
; Allow Shift Register Merging across Hierarchies                            ; Auto               ; Auto               ;
; Auto Clock Enable Replacement                                              ; On                 ; On                 ;
; Strict RAM Replacement                                                     ; Off                ; Off                ;
; Allow Synchronous Control Signals                                          ; On                 ; On                 ;
; Force Use of Synchronous Clear Signals                                     ; Off                ; Off                ;
; Auto RAM to Logic Cell Conversion                                          ; Off                ; Off                ;
; Auto Resource Sharing                                                      ; Off                ; Off                ;
; Allow Any RAM Size For Recognition                                         ; Off                ; Off                ;
; Allow Any ROM Size For Recognition                                         ; Off                ; Off                ;
; Allow Any Shift Register Size For Recognition                              ; Off                ; Off                ;
; Use LogicLock Constraints during Resource Balancing                        ; On                 ; On                 ;
; Ignore translate_off and synthesis_off directives                          ; Off                ; Off                ;
; Timing-Driven Synthesis                                                    ; Off                ; Off                ;
; Report Parameter Settings                                                  ; On                 ; On                 ;
; Report Source Assignments                                                  ; On                 ; On                 ;
; Report Connectivity Checks                                                 ; On                 ; On                 ;
; Ignore Maximum Fan-Out Assignments                                         ; Off                ; Off                ;
; Synchronization Register Chain Length                                      ; 2                  ; 2                  ;
; PowerPlay Power Optimization                                               ; Normal compilation ; Normal compilation ;
; HDL message level                                                          ; Level2             ; Level2             ;
; Suppress Register Optimization Related Messages                            ; Off                ; Off                ;
; Number of Removed Registers Reported in Synthesis Report                   ; 5000               ; 5000               ;
; Number of Swept Nodes Reported in Synthesis Report                         ; 5000               ; 5000               ;
; Number of Inverted Registers Reported in Synthesis Report                  ; 100                ; 100                ;
; Clock MUX Protection                                                       ; On                 ; On                 ;
; Auto Gated Clock Conversion                                                ; Off                ; Off                ;
; Block Design Naming                                                        ; Auto               ; Auto               ;
; SDC constraint protection                                                  ; Off                ; Off                ;
; Synthesis Effort                                                           ; Auto               ; Auto               ;
; Shift Register Replacement - Allow Asynchronous Clear Signal               ; On                 ; On                 ;
; Pre-Mapping Resynthesis Optimization                                       ; Off                ; Off                ;
; Analysis & Synthesis Message Level                                         ; Medium             ; Medium             ;
; Disable Register Merging Across Hierarchies                                ; Auto               ; Auto               ;
; Resource Aware Inference For Block RAM                                     ; On                 ; On                 ;
; Synthesis Seed                                                             ; 1                  ; 1                  ;
+----------------------------------------------------------------------------+--------------------+--------------------+


Parallel compilation was disabled, but you have multiple processors available. Enable parallel compilation to reduce compilation time.
+-------------------------------------+
; Parallel Compilation                ;
+----------------------------+--------+
; Processors                 ; Number ;
+----------------------------+--------+
; Number detected on machine ; 4      ;
; Maximum allowed            ; 1      ;
+----------------------------+--------+


+-------------------------------------------------------------------------------------------------------------------------------------------------------+
; Analysis & Synthesis Source Files Read                                                                                                                ;
+----------------------------------+-----------------+------------------------------------+---------------------------------------------------+---------+
; File Name with User-Entered Path ; Used in Netlist ; File Type                          ; File Name with Absolute Path                      ; Library ;
+----------------------------------+-----------------+------------------------------------+---------------------------------------------------+---------+
; exp10.bdf                        ; yes             ; User Block Diagram/Schematic File  ; C:/Users/João Pedro/Desktop/exp10/exp10.bdf       ;         ;
; f.sv                             ; yes             ; User SystemVerilog HDL File        ; C:/Users/João Pedro/Desktop/exp10/f.sv            ;         ;
; freqdiv1.sv                      ; yes             ; User SystemVerilog HDL File        ; C:/Users/João Pedro/Desktop/exp10/freqdiv1.sv     ;         ;
; intermitente.sv                  ; yes             ; User SystemVerilog HDL File        ; C:/Users/João Pedro/Desktop/exp10/intermitente.sv ;         ;
+----------------------------------+-----------------+------------------------------------+---------------------------------------------------+---------+


+--------------------------------------------------------+
; Analysis & Synthesis Resource Usage Summary            ;
+---------------------------------------------+----------+
; Resource                                    ; Usage    ;
+---------------------------------------------+----------+
; Estimated Total logic elements              ; 177      ;
;                                             ;          ;
; Total combinational functions               ; 177      ;
; Logic element usage by number of LUT inputs ;          ;
;     -- 4 input functions                    ; 42       ;
;     -- 3 input functions                    ; 21       ;
;     -- <=2 input functions                  ; 114      ;
;                                             ;          ;
; Logic elements by mode                      ;          ;
;     -- normal mode                          ; 84       ;
;     -- arithmetic mode                      ; 93       ;
;                                             ;          ;
; Total registers                             ; 101      ;
;     -- Dedicated logic registers            ; 101      ;
;     -- I/O registers                        ; 0        ;
;                                             ;          ;
; I/O pins                                    ; 8        ;
; Embedded Multiplier 9-bit elements          ; 0        ;
; Maximum fan-out node                        ; CLOCK_50 ;
; Maximum fan-out                             ; 99       ;
; Total fan-out                               ; 761      ;
; Average fan-out                             ; 2.66     ;
+---------------------------------------------+----------+


+-----------------------------------------------------------------------------------------------------------------------------------------------------------------------------------+
; Analysis & Synthesis Resource Utilization by Entity                                                                                                                               ;
+----------------------------+-------------------+--------------+-------------+--------------+---------+-----------+------+--------------+---------------------------+--------------+
; Compilation Hierarchy Node ; LC Combinationals ; LC Registers ; Memory Bits ; DSP Elements ; DSP 9x9 ; DSP 18x18 ; Pins ; Virtual Pins ; Full Hierarchy Name       ; Library Name ;
+----------------------------+-------------------+--------------+-------------+--------------+---------+-----------+------+--------------+---------------------------+--------------+
; |exp10                     ; 177 (4)           ; 101 (2)      ; 0           ; 0            ; 0       ; 0         ; 8    ; 0            ; |exp10                    ; work         ;
;    |f:inst|                ; 2 (2)             ; 0 (0)        ; 0           ; 0            ; 0       ; 0         ; 0    ; 0            ; |exp10|f:inst             ; work         ;
;    |freqdiv1:inst1|        ; 66 (66)           ; 33 (33)      ; 0           ; 0            ; 0       ; 0         ; 0    ; 0            ; |exp10|freqdiv1:inst1     ; work         ;
;    |intermitente:inst2|    ; 105 (105)         ; 66 (66)      ; 0           ; 0            ; 0       ; 0         ; 0    ; 0            ; |exp10|intermitente:inst2 ; work         ;
+----------------------------+-------------------+--------------+-------------+--------------+---------+-----------+------+--------------+---------------------------+--------------+
Note: For table entries with two numbers listed, the numbers in parentheses indicate the number of resources of the given type used by the specific entity alone. The numbers listed outside of parentheses indicate the total resources of the given type used by the specific entity and all of its sub-entities in the hierarchy.


+----------------------------------------------------------------------------------------------------+
; User-Specified and Inferred Latches                                                                ;
+-----------------------------------------------------+---------------------+------------------------+
; Latch Name                                          ; Latch Enable Signal ; Free of Timing Hazards ;
+-----------------------------------------------------+---------------------+------------------------+
; freqdiv1:inst1|max[6]                               ; GND                 ; yes                    ;
; freqdiv1:inst1|max[7]                               ; GND                 ; yes                    ;
; freqdiv1:inst1|max[8]                               ; GND                 ; yes                    ;
; freqdiv1:inst1|max[11]                              ; GND                 ; yes                    ;
; freqdiv1:inst1|max[12]                              ; GND                 ; yes                    ;
; freqdiv1:inst1|max[13]                              ; GND                 ; yes                    ;
; freqdiv1:inst1|max[15]                              ; GND                 ; yes                    ;
; freqdiv1:inst1|max[16]                              ; GND                 ; yes                    ;
; freqdiv1:inst1|max[17]                              ; GND                 ; yes                    ;
; freqdiv1:inst1|max[18]                              ; GND                 ; yes                    ;
; freqdiv1:inst1|max[19]                              ; GND                 ; yes                    ;
; freqdiv1:inst1|max[20]                              ; GND                 ; yes                    ;
; freqdiv1:inst1|max[23]                              ; GND                 ; yes                    ;
; freqdiv1:inst1|max[24]                              ; GND                 ; yes                    ;
; freqdiv1:inst1|max[25]                              ; GND                 ; yes                    ;
; freqdiv1:inst1|max[27]                              ; GND                 ; yes                    ;
; Number of user-specified and inferred latches = 16  ;                     ;                        ;
+-----------------------------------------------------+---------------------+------------------------+
Note: All latches listed above may not be present at the end of synthesis due to various synthesis optimizations.


+------------------------------------------------------+
; General Register Statistics                          ;
+----------------------------------------------+-------+
; Statistic                                    ; Value ;
+----------------------------------------------+-------+
; Total registers                              ; 101   ;
; Number of registers using Synchronous Clear  ; 32    ;
; Number of registers using Synchronous Load   ; 0     ;
; Number of registers using Asynchronous Clear ; 2     ;
; Number of registers using Asynchronous Load  ; 0     ;
; Number of registers using Clock Enable       ; 64    ;
; Number of registers using Preset             ; 0     ;
+----------------------------------------------+-------+


+--------------------------------------------------+
; Inverted Register Statistics                     ;
+----------------------------------------+---------+
; Inverted Register                      ; Fan out ;
+----------------------------------------+---------+
; inst35                                 ; 14      ;
; Total number of inverted registers = 1 ;         ;
+----------------------------------------+---------+


+-------------------------------+
; Elapsed Time Per Partition    ;
+----------------+--------------+
; Partition Name ; Elapsed Time ;
+----------------+--------------+
; Top            ; 00:00:00     ;
+----------------+--------------+


+-------------------------------+
; Analysis & Synthesis Messages ;
+-------------------------------+
Info: *******************************************************************
Info: Running Quartus II 64-Bit Analysis & Synthesis
    Info: Version 13.0.1 Build 232 06/12/2013 Service Pack 1 SJ Web Edition
    Info: Processing started: Thu Nov 29 18:51:27 2018
Info: Command: quartus_map --read_settings_files=on --write_settings_files=off exp10 -c exp10
Warning (20028): Parallel compilation is not licensed and has been disabled
Info (12021): Found 1 design units, including 1 entities, in source file exp10.bdf
    Info (12023): Found entity 1: exp10
Info (12021): Found 1 design units, including 1 entities, in source file f.sv
    Info (12023): Found entity 1: f
Info (12021): Found 1 design units, including 1 entities, in source file freqdiv1.sv
    Info (12023): Found entity 1: freqdiv1
Info (12021): Found 1 design units, including 1 entities, in source file intermitente.sv
    Info (12023): Found entity 1: intermitente
Info (12127): Elaborating entity "exp10" for the top level hierarchy
Info (12128): Elaborating entity "freqdiv1" for hierarchy "freqdiv1:inst1"
Warning (10240): Verilog HDL Always Construct warning at freqdiv1.sv(10): inferring latch(es) for variable "max", which holds its previous value in one or more paths through the always construct
Info (10041): Inferred latch for "max[0]" at freqdiv1.sv(14)
Info (10041): Inferred latch for "max[1]" at freqdiv1.sv(14)
Info (10041): Inferred latch for "max[2]" at freqdiv1.sv(14)
Info (10041): Inferred latch for "max[3]" at freqdiv1.sv(14)
Info (10041): Inferred latch for "max[4]" at freqdiv1.sv(14)
Info (10041): Inferred latch for "max[5]" at freqdiv1.sv(14)
Info (10041): Inferred latch for "max[6]" at freqdiv1.sv(14)
Info (10041): Inferred latch for "max[7]" at freqdiv1.sv(14)
Info (10041): Inferred latch for "max[8]" at freqdiv1.sv(14)
Info (10041): Inferred latch for "max[9]" at freqdiv1.sv(14)
Info (10041): Inferred latch for "max[10]" at freqdiv1.sv(14)
Info (10041): Inferred latch for "max[11]" at freqdiv1.sv(14)
Info (10041): Inferred latch for "max[12]" at freqdiv1.sv(14)
Info (10041): Inferred latch for "max[13]" at freqdiv1.sv(14)
Info (10041): Inferred latch for "max[14]" at freqdiv1.sv(14)
Info (10041): Inferred latch for "max[15]" at freqdiv1.sv(14)
Info (10041): Inferred latch for "max[16]" at freqdiv1.sv(14)
Info (10041): Inferred latch for "max[17]" at freqdiv1.sv(14)
Info (10041): Inferred latch for "max[18]" at freqdiv1.sv(14)
Info (10041): Inferred latch for "max[19]" at freqdiv1.sv(14)
Info (10041): Inferred latch for "max[20]" at freqdiv1.sv(14)
Info (10041): Inferred latch for "max[21]" at freqdiv1.sv(14)
Info (10041): Inferred latch for "max[22]" at freqdiv1.sv(14)
Info (10041): Inferred latch for "max[23]" at freqdiv1.sv(14)
Info (10041): Inferred latch for "max[24]" at freqdiv1.sv(14)
Info (10041): Inferred latch for "max[25]" at freqdiv1.sv(14)
Info (10041): Inferred latch for "max[26]" at freqdiv1.sv(14)
Info (10041): Inferred latch for "max[27]" at freqdiv1.sv(14)
Info (10041): Inferred latch for "max[28]" at freqdiv1.sv(14)
Info (10041): Inferred latch for "max[29]" at freqdiv1.sv(14)
Info (10041): Inferred latch for "max[30]" at freqdiv1.sv(14)
Info (10041): Inferred latch for "max[31]" at freqdiv1.sv(14)
Info (12128): Elaborating entity "f" for hierarchy "f:inst"
Info (12128): Elaborating entity "intermitente" for hierarchy "intermitente:inst2"
Info (13000): Registers with preset signals will power-up high
Info (13003): DEV_CLRn pin will set, and not reset, register with preset signal due to NOT Gate Push-Back
Info (16010): Generating hard_block partition "hard_block:auto_generated_inst"
    Info (16011): Adding 0 node(s), including 0 DDIO, 0 PLL, 0 transceiver and 0 LCELL
Info (21057): Implemented 214 device resources after synthesis - the final resource count might be different
    Info (21058): Implemented 3 input pins
    Info (21059): Implemented 5 output pins
    Info (21061): Implemented 206 logic cells
Info: Quartus II 64-Bit Analysis & Synthesis was successful. 0 errors, 2 warnings
    Info: Peak virtual memory: 4623 megabytes
    Info: Processing ended: Thu Nov 29 18:51:30 2018
    Info: Elapsed time: 00:00:03
    Info: Total CPU time (on all processors): 00:00:02


